<?xml version="1.0" encoding="UTF-8"?>
<testng-results ignored="0" total="1" passed="1" failed="0" skipped="0">
  <reporter-output>
  </reporter-output>
  <suite started-at="2023-05-28T10:02:02 IST" name="Default suite" finished-at="2023-05-28T10:02:02 IST" duration-ms="209">
    <groups>
    </groups>
    <test started-at="2023-05-28T10:02:02 IST" name="Default test" finished-at="2023-05-28T10:02:02 IST" duration-ms="209">
      <class name="reporting.Log4">
        <test-method signature="test1()[pri:0, instance:reporting.Log4@10163d6]" started-at="2023-05-28T10:02:02 IST" name="test1" finished-at="2023-05-28T10:02:02 IST" duration-ms="135" status="PASS">
          <reporter-output>
          </reporter-output>
        </test-method> <!-- test1 -->
      </class> <!-- reporting.Log4 -->
    </test> <!-- Default test -->
  </suite> <!-- Default suite -->
</testng-results>
